3 1 195 243 
3 2 138 179 
5 3 106 126 168 246 
3 4 113 203 
3 5 167 298 
2 6 208 
3 7 114 176 
4 8 151 280 299 
2 9 178 
2 10 186 
3 11 134 174 
2 12 122 
3 13 207 229 
2 14 172 
2 15 266 
4 16 33 128 169 
3 17 187 252 
3 18 161 262 
3 19 184 264 
3 20 133 271 
3 21 135 226 
3 22 145 224 
3 23 143 213 
4 24 110 119 214 
4 25 107 219 276 
4 26 111 154 260 
4 27 127 233 259 
5 28 139 171 205 283 
3 29 166 220 
4 30 132 136 200 
3 31 159 231 
5 32 117 170 225 256 
3 34 144 265 
3 35 125 189 
5 37 109 146 180 270 
2 38 245 
4 39 165 218 272 
2 40 204 
2 41 281 
4 42 157 269 284 
3 43 140 236 
5 44 120 181 250 287 
4 45 123 131 212 
2 46 258 
2 47 193 
3 48 65 230 
4 49 129 155 240 
2 50 277 
3 51 124 227 
4 52 130 183 198 
2 53 248 
4 55 164 278 291 
2 56 163 
3 57 148 251 
3 58 162 292 
2 59 254 
4 60 192 238 273 
3 61 142 261 
2 62 222 
2 63 197 
3 64 153 279 
3 66 115 201 
2 67 150 
2 68 285 
2 69 221 
2 70 158 
2 71 237 
4 72 0 216 257 
2 73 293 
3 74 36 255 
2 75 263 
2 76 228 
2 77 199 
3 78 191 242 
2 79 275 
2 80 190 
3 81 173 247 
3 82 152 232 
3 83 147 288 
3 84 209 296 
2 85 206 
4 86 137 177 217 
5 87 194 210 234 290 
2 88 235 
2 89 121 
5 90 112 118 188 223 
4 91 196 239 294 
3 92 244 297 
4 93 108 149 211 
3 94 175 249 
3 95 182 295 
5 96 54 202 268 282 
3 97 160 253 
2 98 267 
4 99 116 215 286 
2 100 156 
2 101 274 
3 102 141 241 
3 103 105 185 
2 104 289 