55 1880 6051 2291 8919 8957 739 7311 1708 6244 1358 8511 5893 6025 1917 4278 9911 7690 4220 4299 9562 2915 2742 9710 3001 8253 4370 7706 6254 6597 3067 5920 249 2510 9066 1030 497 3478 9741 7297 1195 5737 3558 1839 1806 9921 1738 4522 5883 1625 694 2013 5451 7495 8369 4172
57 6748 5230 8097 6076 7856 5064 3450 1081 1013 31 3516 5711 3979 5197 6826 5871 4847 2841 4400 12 847 6281 5402 5956 3514 4180 386 5445 4515 2083 4785 1478 688 1306 8075 3093 3281 9768 1290 4694 1665 313 9079 6040 2223 6410 5124 4236 193 844 6931 3318 2787 4617 298 565 532
52 8638 4381 5534 6343 6655 6643 5458 4130 2255 7732 4645 5896 3651 9828 8266 9600 6080 8438 9997 5692 2244 7933 9586 7713 4961 2495 9040 994 6138 5091 3715 3052 2076 3533 3121 1387 7840 3021 6285 4957 7913 1998 16 8602 9102 4409 3850 7239 1504 7627 9093 8363
58 4342 8099 6461 804 9557 6729 9923 4994 2885 3571 8132 2282 7717 7215 9424 4352 642 8123 3311 9560 5689 5594 9864 2696 9438 9703 8235 816 6698 3741 3896 9256 2919 9758 4573 2939 1262 1462 1666 455 1731 3566 1724 9731 1304 4113 8199 2202 901 550 4205 6279 3698 2225 1634 8829 1170 1191
57 5780 2741 3238 9168 5196 9130 2113 4422 5574 8002 483 9855 6606 9593 9200 7233 3631 737 8699 7396 9748 9116 9577 4667 1506 663 3624 6959 1411 9201 4997 9606 4897 760 2886 1114 1051 3871 2152 2702 114 9189 8906 8776 8812 5409 7197 828 5079 6733 5609 5158 2379 6364 750 7993 4286
58 2678 1381 878 5376 1518 2095 2067 1870 9986 3764 7796 1408 8483 7456 270 5463 1541 353 8163 7146 1000 49 1159 7646 2153 8051 8176 2985 9007 9475 3869 2298 9531 6695 388 4928 7477 7968 5046 1523 1757 781 981 6070 630 5618 334 6687 4615 6169 9355 8627 8101 328 5936 4373 259 1389
58 40 1963 7532 2991 5598 4593 170 8641 420 8452 5695 2030 840 6787 9698 7480 8155 2869 2825 4622 1043 2487 2482 3849 6378 4556 9777 5244 2796 736 2008 2887 2305 9687 108 6413 4046 6890 4448 2824 9117 7411 9362 9936 784 5032 2 1531 921 3365 3511 2977 8974 4457 134 2814 8079 5607
65 3926 8358 2612 9994 1198 7086 1591 4700 5888 9336 7065 2242 5000 2400 7541 5625 3051 6000 9640 6749 9622 8806 9613 1725 7420 4155 7842 7839 2084 4031 4658 8550 5633 8575 9078 813 3618 9425 8800 3194 7651 9053 9637 5057 4211 261 3334 2922 6991 5125 6652 5333 8212 9132 8999 1602 3293 1874 564 2329 9241 5717 8209 5065 4109
60 9396 9880 6956 6491 2865 9036 8584 6833 6375 5644 314 3010 9440 7583 1522 6755 1899 874 9356 8014 7943 8756 7878 8694 6209 5050 9435 8280 4753 9194 7766 2443 8234 3261 9043 3273 9388 6494 7569 5807 4434 8160 7453 4883 347 7195 4924 5326 3352 2442 2012 2725 5103 7305 5754 4841 4353 5771 1108 8825
55 7914 2234 2976 225 7501 8257 5280 5071 1293 2542 6109 2691 7334 5476 720 4911 3564 5293 9002 2770 4861 9054 2550 5407 3229 7946 1516 4799 4987 9845 1095 8295 4816 9205 2896 4151 5373 3550 1188 3613 8615 5869 8052 9207 1694 1035 9852 2004 9574 1006 426 1259 8120 7347 2969
57 1505 8019 82 1452 6237 779 7356 5502 9014 5543 2614 4152 1320 4334 2026 8925 8836 7280 6391 8793 2730 8348 5223 2524 6648 5284 3301 3432 4345 9548 1413 5464 199 3363 8264 6770 2984 5308 8026 6731 4638 1996 3807 4713 5820 1987 4948 6142 3383 159 6715 2194 445 8144 2640 521 770
56 9275 4460 2526 9035 1525 145 5735 1624 8922 338 6452 7469 8489 8884 4203 873 8467 9071 6120 8604 9232 2720 1739 3226 7451 3017 1955 4770 6673 1543 943 3705 832 4521 4543 3657 9056 5894 7066 6334 116 7093 4222 210 2890 2387 6110 1808 265 651 3887 4805 1701 9760 776 6098
60 764 8469 105 8560 948 4200 1454 9543 848 251 4534 6008 5911 4433 8271 9772 8347 743 882 1940 200 8520 3050 5583 4955 1087 2018 14 4303 607 4604 7562 6039 2881 5321 1210 5051 4775 9726 6958 863 7607 8548 3162 2739 4523 2292 2126 9740 421 3028 9484 9442 3701 3599 4022 3976 9571 5405 1911
52 25 3924 626 1883 2268 8556 1906 32 4679 7025 5519 5997 9151 7366 4862 3026 5009 8229 7262 1920 5810 8671 9670 5770 8619 5948 1073 6737 1905 8103 476 5155 5850 4600 9978 2535 2925 3836 6950 4320 3755 9051 6641 6354 3159 2022 7240 9582 1119 3155 7355 3538
60 4811 1729 5255 8847 1670 4256 7402 1150 4773 9478 3299 8552 3600 8743 504 1352 1396 342 996 6379 8331 6465 4840 6842 7679 9668 4424 1629 6436 335 3988 7462 9729 9468 7351 5704 2663 5604 4390 3185 1060 1130 7228 500 2434 4908 9763 9641 4970 916 2435 6177 5995 7523 5119 4125 4462 7470 3535 4308
62 9126 6132 4418 4714 6236 7378 5194 4309 1017 3056 9700 3106 8968 4628 5801 431 166 9663 5277 3082 5166 5681 7669 3024 2587 3787 1222 4323 9386 9317 9045 4194 2650 8979 8687 7450 52 8265 7911 9739 3309 5105 2295 6175 5924 370 276 110 7758 7618 3222 8581 8783 9609 1898 6877 2473 8322 1693 700 1101 715
63 989 8943 5283 4376 1542 660 1385 6046 9049 3484 4332 5745 9378 8189 8726 2271 5651 4058 6590 2199 7959 1644 3692 8157 4933 6031 8296 7718 3860 2744 6422 7304 8204 9676 4705 745 9744 9390 8317 3883 5777 8779 7332 2420 4712 5357 7675 3760 8739 8639 5266 3130 9276 7 7500 7400 1448 4935 9089 3553 838 7952 5624
56 1181 5622 4458 7336 6369 4542 6674 5736 6521 9140 7212 8866 4568 85 3275 2176 1951 5136 1848 2844 5749 6145 3199 4015 8956 8133 5395 7520 9400 4456 8242 4489 4083 2658 2929 2392 5552 1112 8721 5061 6357 9310 7859 2011 2629 1214 3989 5961 3411 7353 2948 3086 5447 6548 9274 9470
62 4154 4442 4958 269 3644 6450 2364 7018 5817 5779 4453 352 9154 3637 2105 1876 1772 7277 9686 4494 9315 1563 5443 6473 6587 5934 231 3469 1784 9122 8309 8498 5265 8374 7467 2544 7011 3290 2371 8350 3437 3387 8630 9063 6462 1458 2891 5192 7150 4884 3585 7991 3846 102 7590 6382 865 3658 30 8039 2369 6356
57 1657 1405 9705 8327 2059 8226 7388 3306 1609 5778 9767 3711 9000 8409 6043 8146 1199 8729 4637 3847 9131 6036 2916 5427 9211 4832 1776 6092 2080 8967 7915 5174 7637 7084 9069 3006 3664 9912 8960 2822 1909 934 7249 6026 2192 8020 9270 733 1943 359 4594 1459 4660 5271 6117 1284 8092
59 2317 1077 4808 292 3262 1799 8278 4441 7198 3378 8512 6719 393 9566 4173 4689 2557 2240 4984 9099 4291 254 7963 9060 5487 1527 1756 8401 2827 6179 3234 4040 7007 4411 3157 9887 8232 8028 1896 3345 9055 2461 1401 9925 2978 8830 9943 2789 826 3917 9375 8697 775 6075 3819 8661 820 5282 258
61 9271 3490 898 4302 1063 5181 9187 4539 9599 2438 4279 447 9255 8964 3646 5151 3195 2532 6851 6113 4344 9712 380 6428 3570 4087 5630 4969 5769 1944 8828 2710 2260 307 7303 638 7807 9216 1681 5249 8632 5011 9870 1470 3060 4616 3379 5531 1907 2981 6217 9366 1406 1661 339 9724 3930 41 3014 5732 9902
65 7211 4301 8195 9009 6296 6319 1418 7827 5665 6073 8904 2405 683 5306 6726 1453 8709 6511 1196 5104 6336 2308 3784 8865 6291 321 2771 9563 2090 7447 3876 4953 8748 2053 8882 3297 2964 120 2062 66 4684 7189 2372 6645 4820 970 1248 8214 4475 2285 8307 3385 3294 2441 3189 3973 881 3138 206 1423 7721 8394 2735 6545 8481
58 5712 7747 3291 8297 1301 9052 3452 2878 8914 8106 1365 3489 1695 9867 9444 8084 2636 5261 7820 6311 1718 9353 4669 9747 527 6349 9915 4101 3206 9373 6485 6495 7021 5305 3413 3998 2604 1058 3714 7602 7863 4443 6869 7041 2409 4761 1011 8631 2588 8391 3308 4287 8200 3487 8962 8614 2594 1571
54 9012 5828 378 3681 6288 427 8831 9466 575 7981 3616 1479 2545 7850 6403 8335 5823 9878 4420 2172 4237 4395 4890 295 6143 6586 7832 158 5439 7460 6210 6220 8663 8042 2150 7724 5799 8344 6066 5455 5275 7457 6253 8505 7481 4259 3503 8725 5599 9721 8418 5568 9519 2456
54 9996 1949 2131 1026 597 576 6546 5363 3100 6067 8573 8798 4156 845 6740 1244 9379 6081 6392 1877 4532 358 9690 9941 1980 1781 2339 9238 3752 5128 4146 46 4585 2888 1228 6136 9332 522 6112 1975 9145 2051 8053 4473 1631 6982 6416 5766 8921 1295 7971 1138 3210 6084
58 7213 4170 7509 825 8524 6813 8339 7283 8355 4351 5038 4119 2033 1372 879 5288 6431 3399 7389 699 303 2052 7002 8463 1076 5251 7437 103 9025 3963 6192 5696 4885 9452 5637 3307 7321 297 6017 2792 7482 6474 5236 4502 9542 8669 4393 2439 9605 2259 9818 214 9624 382 5650 8491 9876 8172
56 96 4347 1441 2206 4582 9273 4213 7369 70 2328 7564 5084 9103 2714 4959 5430 2698 3667 7199 1231 3329 354 4610 3062 2360 5198 7549 5013 398 8161 9942 3182 7003 2165 277 2552 5067 7883 8525 1091 9005 7354 2712 449 1225 7466 9499 8462 9092 9128 8787 4369 3547 9935 3252 414
62 3069 2262 4268 7017 9892 6389 3505 9321 9859 864 8526 2056 8677 7906 8747 8811 8696 2178 4500 5202 8273 8804 7902 2449 3253 2108 8474 5946 2688 2296 9420 1962 1662 3966 9940 8284 2616 8755 8923 1495 9290 3556 7145 2048 6993 2267 2700 3404 4038 6448 3577 4853 6072 3059 7005 3249 2383 6235 345 87 9579 79
66 5182 671 7793 5428 7103 9841 9446 6013 9246 7692 3573 9190 8070 7984 4006 2621 8076 6617 9107 6979 9873 3942 4995 1393 1115 8528 2430 2644 5485 9757 8647 132 4185 3972 2897 1679 4295 2609 7135 7617 1632 498 2752 9789 9968 4876 9509 4266 2727 410 4248 1116 2214 8220 7823 4927 2347 8869 5747 752 2286 8752 3838 4777 686 6363
60 1078 4042 9725 1070 5708 3894 2774 734 8913 7907 6516 2184 549 8437 4765 8412 8102 415 5547 5922 8853 1501 3856 101 8169 3961 4461 4757 9345 2776 5987 8666 9869 3581 7552 684 5208 7585 6852 4499 3662 802 6891 574 4986 6817 2278 6483 7610 4402 8942 1953 356 1364 8531 9597 544 9235 4768 5870
54 1180 2412 9764 2517 3298 9097 5238 1315 3500 6957 5944 5669 5036 2035 1461 4160 9203 400 9805 8185 1919 6390 9407 9453 7099 4941 7382 1036 7901 1261 7707 4921 5919 913 4913 9174 1038 7770 7335 6908 8274 1371 5945 7533 567 6239 6727 8842 4641 6302 6259 3426 6399 7235
52 8607 9392 8030 4231 2895 3094 3688 133 4474 2516 9589 3257 376 8558 5802 4479 234 3828 2402 3200 1770 244 6374 9483 2421 8222 3614 7029 891 1775 4533 4382 6202 2961 4981 3288 5493 666 4842 1 2168 3744 6601 5555 8965 5620 7668 3534 4891 5237 6967 2973
62 4425 5010 4905 3798 1139 3241 7012 5441 2794 294 6837 8128 3045 4135 5636 9607 2213 1382 1044 7375 2889 7271 5191 8564 2480 2344 1291 9381 5683 588 973 3337 7580 5910 1375 3882 7344 2711 9954 1345 4992 1488 9831 107 4736 968 6320 4482 6435 2955 6482 35 6984 2037 6184 1888 2633 2064 7530 8318 8104 5092
55 3853 9875 3394 4339 4525 4414 7292 6053 5977 5971 7779 3512 9032 284 5184 1125 471 6888 1156 6949 5884 2273 4075 9780 9182 4778 894 4197 9357 2367 2042 7816 1567 8261 4255 6675 6167 5891 1145 7464 5496 9857 1948 4934 2451 9134 539 3875 5628 4869 3344 559 2892 9520 194
62 6265 6759 850 7217 8152 5549 198 2854 149 2203 242 2277 4027 3552 6406 9059 3522 6168 4298 4158 5114 9872 773 1374 6835 6181 6096 3170 955 6055 8646 1561 7151 266 6229 7408 4823 2883 3156 2773 6557 6022 5477 4980 1500 5538 1357 7606 1219 6665 2717 6864 7507 9581 8422 9965 9534 7476 2384 3263 4439 7397
54 983 5706 4421 8171 2877 2252 7817 2561 7055 5144 9017 7561 5580 572 9291 5381 4849 7918 8542 8015 4620 4993 552 7123 5 6411 7488 443 317 9803 411 4186 5162 2499 1165 4147 6781 6547 967 2290 2519 8044 3289 6065 8710 1482 4909 2324 6943 6722 8386 4971 4263 9795
64 2266 8186 7258 1110 4863 7645 6708 3008 2264 4195 24 1402 3759 481 1727 755 8944 1699 925 905 3934 3219 2990 6037 2154 1884 4116 3748 7783 4374 7975 8909 6896 6608 1787 9039 1722 610 9821 4210 6458 7695 3422 2666 3115 2200 1697 6525 4070 9988 1600 7269 7129 5826 877 1786 7314 3832 7474 6678 9778 4071 6621 3960
60 7438 7346 6563 570 6446 4917 5021 5781 7763 1853 8010 9185 9948 5905 9671 4548 1392 7140 8899 3835 7861 2564 7220 1914 3287 5442 6911 1814 4699 1414 5298 9939 3933 4985 3521 4825 1553 192 2196 9289 9173 4851 5206 8012 2972 3091 6057 6240 9281 4319 7887 9072 8403 3464 4900 8300 7782 9959 4316 104
55 6107 4423 9331 9590 3578 7694 98 7236 6536 28 4235 6208 7004 6917 2138 8211 6501 8362 9004 9227 5729 1099 1404 4708 7778 3183 5272 927 1355 4514 3944 308 1164 484 9674 5063 99 7862 4181 9528 6881 8289 3504 3098 434 5685 1332 92 5912 3449 1548 812 7574 2104 8590
70 1176 7368 1302 9793 384 1299 1952 3386 1079 5986 5640 467 4204 9326 1585 9152 7390 6537 1326 3559 1536 7122 2901 7896 1913 3296 5947 7204 7471 7786 8863 2745 530 803 5416 7153 8118 3543 371 2525 5918 7259 2342 385 9541 8071 6739 5123 9692 6697 9702 7759 235 8910 8193 8342 7465 3975 2504 9467 5228 7636 1802 5241 1524 8990 6795 4240 9697 4359
60 2514 3466 834 6747 4009 4189 8142 221 6720 8046 7174 9971 543 5296 5470 2447 6367 2294 8885 1377 800 2377 9496 4781 7163 4930 6985 3152 1595 6306 4493 8621 9358 4288 9389 8368 2300 6742 5758 3822 6233 1360 8184 8162 9779 819 3108 247 4467 2570 1190 8194 3436 2428 959 5157 8897 6576 9888 7700
50 8077 2477 6009 6948 4363 6305 6021 5127 7068 8599 5434 2580 4812 999 4350 1635 7553 7200 7686 731 7626 5880 3016 6921 4975 3649 2148 520 228 1221 1472 4681 5175 2947 6775 4867 9513 858 2001 933 9057 5225 8814 3096 4966 7265 3353 4025 5876 514
61 4284 2754 1050 6213 2265 2336 1991 1514 4438 1493 4789 8239 5234 8952 2029 2098 8494 1279 1860 2340 7844 2968 8707 7853 4782 6457 2135 4372 1785 8205 8601 7879 9463 6735 4215 7751 3190 1027 4026 2599 7079 5793 4201 1202 2811 1603 1005 9898 1020 9999 2674 6423 3743 3429 732 8466 5113 1916 8796 3013 6603
64 5140 472 7697 7900 2765 2219 1958 9239 4972 9153 8464 7291 5418 1287 6190 6335 5475 7711 4518 3023 1157 553 130 5189 5080 6001 9184 3430 7039 8340 9121 128 9364 3818 6886 7156 5200 7780 9673 6246 3812 167 942 5002 8934 4293 4264 8616 3064 4217 1192 6166 3354 2705 8096 8781 2452 1935 8021 4664 524 9428 6012 6087
66 8325 1285 2571 8972 1189 2534 1129 1640 2068 6926 4960 1105 2211 888 3949 9338 176 8063 8040 7330 2893 1283 7846 8716 5516 3346 7575 8851 2468 3224 3403 7960 8746 5497 1547 515 6427 4509 4378 6804 9595 2343 1286 3117 3317 190 3592 8529 7715 3276 1102 7452 7855 8513 3568 493 1863 7899 1711 8383 9033 9343 709 5316 3460 6584
56 8702 6130 2798 1467 8287 8121 9451 5682 6519 3720 6381 6188 6761 4546 9167 1148 9175 479 681 7117 8018 1763 7429 7294 9312 6571 3139 5370 1823 7319 1022 8670 5148 2649 534 1586 956 4282 6622 8872 7670 9195 924 6204 7834 3781 3758 3817 846 5483 4822 6780 1789 7874 6318 4162
58 4540 2762 4755 2980 8516 2111 5295 6164 8251 9084 9105 465 5358 6041 7154 4640 5219 240 4144 3824 9881 585 6802 7733 2039 3312 7000 2708 8100 9611 8419 2204 3713 8187 5126 5088 3562 191 3127 4413 5435 7563 2690 8994 9752 4553 154 5082 3349 3612 2793 4687 4983 2586 5457 4273 3158 8706
54 7461 7508 7979 8833 8572 5621 34 1177 8620 7854 5359 9933 3066 6782 9784 3857 136 7705 469 7393 5993 7223 9733 1369 1379 9910 5932 9085 9328 7091 8135 2970 8503 399 7935 4943 9108 1831 9802 8488 2089 4575 3322 7069 1422 8901 1533 915 1066 6060 7219 7709 8475 2002
58 2618 2554 3653 7032 1007 4724 3203 508 1032 7936 8618 4635 7716 2345 8439 5684 75 624 6734 6425 8432 7268 5243 798 9474 1873 4253 9786 4079 6355 7586 8477 8411 9067 4754 568 9890 4918 2122 2667 7284 8980 5791 8256 8681 852 2207 5591 2380 1723 7238 9884 218 6668 8642 84 6588 9550
52 1730 5832 8896 6682 3260 6898 7015 4233 1809 9620 8049 289 4814 1685 7331 8867 8371 9792 6824 9044 4733 7185 6774 9094 5026 4142 4612 7499 3034 5335 2845 6613 8741 3912 6471 8941 6293 4380 5325 6994 2024 861 3031 2750 7379 9118 2394 6849 8062 870 8753 3806
60 6694 2411 3351 4690 979 1614 9457 8832 6822 1297 8597 6651 5794 6878 2737 2351 713 7308 387 3638 3830 7806 2695 3996 302 2543 4364 9584 6777 2180 8993 7251 50 6745 131 7921 3407 6377 8134 7803 6752 1097 9547 1938 5557 1040 7435 1978 4583 4982 3742 7089 1363 3214 2119 9804 8769 6595 1001 8758
53 5776 8276 485 4209 1090 4094 7431 3840 3542 1792 6514 1018 44 5465 8997 7203 5698 441 783 2333 5394 3227 5990 991 8088 926 4436 1537 3789 223 1132 2316 4954 2362 5623 9112 2685 7130 7581 8518 9507 4014 6185 9798 8224 4226 6789 2175 6186 3943 5878 8562 8733
48 4371 3366 4656 390 4596 2231 6693 5068 5968 4899 8983 7765 593 1971 2099 6470 2959 7109 7516 2303 1318 2994 8578 4915 6162 6657 9095 8353 8674 4169 4547 1546 641 8303 9946 3003 4611 2484 8521 7566 951 2963 1010 1834 4931 1544 363 7060
53 7940 1288 2081 5917 5773 6144 9983 9517 8988 6464 1483 4864 2760 9344 8959 5811 8011 6393 3435 7725 3774 1954 2359 5227 8551 1707 4707 5532 5898 7663 5655 795 5156 2706 8159 1972 5025 2049 6937 7614 4064 364 5814 496 5479 9114 8844 1435 6976 5170 8651 5572 6394
56 7660 3268 6566 290 42 2768 5518 304 3083 5904 1048 6124 5256 7427 1366 2884 7263 5718 3900 2137 5573 712 7924 6893 7357 1197 3727 5840 1794 4965 1140 9155 2998 4629 1229 8563 4989 2849 9096 9742 3340 6214 1254 423 2850 5501 1747 2373 9280 6530 3361 8780 1021 8875 349 4050
66 3863 2960 1965 8470 928 3607 1826 6928 4398 1217 7689 9816 5480 2911 6263 9472 8629 886 9204 301 1762 854 8329 7693 6395 291 2007 1179 8864 1263 3672 4771 9285 1993 7542 8817 7167 5879 5783 9969 9497 3901 1767 8098 4510 5481 7118 4313 2930 2494 2160 997 3161 561 7087 6152 9163 9221 1015 6600 4328 1570 3405 4016 7691 9224
55 4624 3844 3590 7894 7014 3282 5818 280 7543 2470 3228 5341 3087 9363 3985 7446 8115 8400 2133 8659 8094 2912 7973 9029 5617 8936 8231 6876 6094 2676 7560 9585 2464 1610 6191 6808 1136 5767 7534 2669 4925 9814 2777 797 4275 6875 3264 9636 5790 9307 1828 3390 4455 6968 9913
58 7358 5145 3572 9165 1230 9139 6295 7372 8375 6260 6467 9322 9429 4559 9419 6701 4212 4225 7340 3251 4892 6827 5034 3442 7479 1689 255 2786 962 9711 3993 1583 6089 6858 5550 9842 8815 5739 4406 533 272 1249 3463 2733 2820 6614 4047 350 346 1029 1721 7409 1574 3128 4128 6847 703 801
56 7538 1046 7738 8258 5338 4178 5440 196 7595 9896 3520 6903 4036 2697 8823 6496 1257 3333 6599 9580 2074 2492 3225 8029 1460 1549 65 5821 1278 7655 4833 3474 7994 6790 8860 7100 7329 1289 4937 88 957 4182 7076 1983 9250 1623 647 3164 6741 3142 4252 7040 7224 9494 2736 892
56 8985 758 2121 5578 2579 5789 117 7702 9719 2315 7286 8958 7790 7299 8423 6988 5505 9644 5913 424 6277 8306 9302 9001 5933 7097 7677 3502 8668 8013 9248 6593 2269 7131 7871 4919 3377 3757 9268 1042 2423 4581 706 3451 7828 6860 7421 6121 5603 6823 9220 2595 9083 8207 526 8282
59 7191 8449 3588 2653 9713 9148 419 8126 357 4327 542 7165 6793 8148 5149 9955 6785 987 7188 9144 9807 9837 1227 862 2982 9170 5327 3384 2404 1894 6228 3134 4551 1576 8009 5344 6540 1793 8883 7967 9723 7753 9575 4821 654 4850 150 2790 5472 1269 7743 6753 759 6129 4247 1133 9209 9570 2767
51 8714 9848 969 300 1194 486 2709 1434 9213 6743 4888 4526 3884 8388 7632 4511 6916 3527 6909 4854 7788 6385 6704 1449 368 5231 884 8032 1897 4787 5667 2238 3546 1521 1258 5970 6562 5023 2732 1790 7514 6052 3173 6206 9794 1601 696 137 4148 4429 6401
63 310 9329 6463 9024 3237 3485 682 6498 6923 4318 8826 4798 2992 9279 2406 4566 5134 1338 6828 2530 4271 7970 5285 1428 615 6970 1447 5351 8164 1845 7406 9849 5588 8259 1714 168 9202 8429 3793 8724 4574 8272 8238 5626 3766 4670 3371 9027 6398 1741 6227 961 6766 6298 1473 6941 8328 8595 2365 2009 3145 404 7611
54 5310 3957 1759 1014 2253 4045 369 3065 2388 1437 6492 1270 4307 4349 9171 545 1216 3984 2330 5399 2128 5517 636 4512 9576 6344 3914 7624 7020 1887 9900 6639 1564 299 5403 1131 9498 351 8945 6508 7345 2837 5648 6846 676 8061 1526 7181 1565 1421 637 5595 8109 464
59 8093 7436 7142 3626 4704 9403 608 372 6131 1137 5952 1918 8405 6426 9716 6579 8314 8649 436 3708 2606 7155 9299 7254 402 4657 8874 5748 8624 5593 2643 1801 2222 944 1844 3643 2046 649 5154 851 9681 3792 7364 7110 7771 8105 3903 6447 6102 8557 1540 8168 1830 7720 1791 7267 3475 3878 4745
69 6580 5030 8250 4631 19 9717 144 5069 2803 2559 6656 7485 7095 8818 9738 5693 2815 6099 64 9019 9489 756 2934 3907 6383 5666 2509 5346 9592 9995 4698 8479 7633 6226 9974 3619 3977 2348 4721 6977 945 4098 1981 8554 9650 6365 5862 9111 2656 2237 7113 809 5332 3092 4051 8122 1275 3169 3509 8417 8839 15 3671 939 8605 5203 1751 2065 239
55 1104 4183 2307 2906 6955 2370 8406 7613 1474 2125 5874 3765 6806 9901 89 8676 5429 7869 5529 2908 3904 7182 4893 7947 1841 6799 937 413 2719 3303 5431 9617 7266 2508 880 7498 7756 936 1779 7439 8298 8080 4865 275 9854 900 7247 4469 3729 7177 728 1562 1684 5842 5585
59 5369 5542 4361 6607 2704 5792 237 165 403 4397 418 3694 5639 238 6910 4652 2847 377 8130 3488 4176 9745 6637 1380 1031 2416 5719 2683 6830 9608 9365 7085 2626 6441 8367 322 3886 7261 7762 6920 4839 3355 3855 2058 7587 2987 7604 8107 5611 6245 7134 6801 7440 1726 124 5109 4549 6352 4357
61 7599 4387 6135 8565 4597 4476 7506 7727 3898 7551 8911 180 4858 5153 6361 5713 6351 383 3785 8116 990 2870 6477 6282 778 6623 6 6535 6972 6897 5816 5788 125 697 2132 2116 2118 7699 563 3666 6007 7049 4034 1735 6772 912 3310 1492 2093 9578 3827 53 1123 1659 6159 9504 4450 6454 7478 2386 4187
57 9100 1615 1761 6409 2158 5983 727 3922 1446 3872 5859 6620 2215 5490 4459 6756 876 287 185 3778 9931 109 4312 7775 698 4831 7074 5903 9257 918 8544 7745 8384 2838 9360 5868 4452 2829 256 982 8487 3438 1141 1312 8001 7554 8652 2957 4396 2590 5115 3248 8626 9523 4535 6010 3440
58 3687 6922 923 6434 3431 4964 4895 3654 5551 6644 6874 36 7009 2515 4465 6230 600 843 2856 2463 1612 7419 8180 4659 7537 201 740 4731 3645 1354 1818 8372 8579 4304 757 162 5106 7920 960 5643 3809 1589 78 1956 5247 2162 5190 8688 9448 6048 3726 4951 3360 3962 5135 6187 7391 8808
59 3335 8902 5453 5098 9554 7639 5726 7755 8929 3948 3242 9426 9193 3670 5362 9269 4486 9011 8408 9667 1147 6974 3266 6003 394 4177 163 9840 2436 7886 9380 3974 3632 2755 8323 5473 4254 8935 1683 2500 3080 2123 1342 2809 6469 6276 6771 213 2284 7785 8499 1780 634 5094 8310 7164 7522 6104 3684
56 6370 7432 5768 7515 3594 5533 7141 9537 7597 1620 6510 5847 6056 8886 1869 4661 6095 8404 6090 6151 9104 9393 1745 6662 531 3254 5827 940 6309 8840 4276 9223 9146 914 6961 3027 6767 5960 6308 4855 3434 6248 749 8382 5491 8085 7539 1111 3467 9135 6223 7083 4481 2779 3129 3669
59 1368 23 6936 8522 3808 5422 8545 6702 6242 6310 2757 141 8360 6880 4844 5444 1682 5914 4283 4871 3647 209 4362 6201 2659 248 5851 1982 8112 1515 2491 977 5307 1109 8731 9427 2568 6654 470 1508 7323 3101 8767 9813 980 1347 9856 6216 6193 9926 4666 3332 8124 5349 7923 5762 279 9826 4267
54 3284 6063 964 6811 6346 1203 67 7158 9518 6199 9301 4519 869 1256 5782 5302 2407 6551 3401 7210 7387 1436 5567 3339 1064 7972 222 4216 9337 8201 3111 5215 3536 6150 1098 2536 9894 3243 2314 3201 3940 9282 6126 7529 8196 5467 9963 6696 9992 2813 1861 1578 9853 2607
57 2810 3209 7270 6456 7843 9646 8455 5392 1117 517 3099 6337 8415 4495 7418 9614 8293 5246 9041 6664 5716 9812 2637 8140 3325 4524 8365 9680 6529 7067 7279 3221 4520 8223 6899 4680 3232 5213 435 8059 7348 4766 920 7133 2686 4906 7612 7623 5387 9922 8240 9441 6751 4536 4735 2471 7801
62 7938 5150 7990 9885 11 8586 3895 8955 4262 8541 587 3908 5300 9743 466 9689 7792 4419 7576 6269 6438 3928 1590 4590 4033 9068 8785 5318 7030 3604 4111 1160 155 5159 9985 3997 3842 2281 3454 5694 766 3718 7571 1671 5461 6071 2874 9371 2385 1152 583 2197 6114 1642 7665 6783 1033 1503 4709 9846 3579 9031
58 3634 9532 4605 2900 5798 2759 4530 1970 5674 1065 842 9208 1002 111 3501 2164 2249 311 468 975 9809 548 8577 4126 367 3019 4894 5110 7428 7394 6035 5239 6879 4141 5757 589 2836 9897 6141 3202 3415 4029 8917 4096 635 4440 7735 7337 5592 6531 6414 8424 6402 5484 4229 9196 5994 6669
60 1376 5494 5524 2006 5772 1733 8987 5049 8695 909 6705 2014 3025 6348 8570 4179 9891 895 3427 9061 3103 9928 9199 2611 3417 336 3141 6609 2613 6097 3530 9907 6294 3408 3880 4711 4394 5759 6123 5499 5097 4335 340 6264 5193 1273 4738 7244 7295 2904 3583 5999 232 9106 5907 2431 814 2003 9191 573
59 2000 6058 9505 9522 9432 8091 6841 1773 3794 537 3165 5833 8320 7298 6703 6797 2458 678 2096 5863 2005 8197 2489 6077 7774 6524 253 7433 8262 9370 7592 361 1166 9142 8174 9342 835 7830 502 4360 9967 9511 7864 3267 8868 6061 9771 9919 9460 4872 724 2106 478 6900 3874 6487 4528 2490 3800
