4 5241 6815 6377 3012
10 1667 3542 8303 1101 8207 501 4426 9801 389 4364
8 7085 1262 3594 8394 4517 4230 5669 4936
5 6738 2494 571 6433 1225
10 1227 5304 1305 8670 994 9495 728 4880 3177 638
4 5070 5317 773 2983
7 2377 2216 8715 7503 6894 8608 7115
4 7879 8409 6256 9417
7 2519 2313 7455 1560 4011 6487 2620
3 602 8589 2987
13 5112 7180 4693 8073 6101 1282 5405 6659 3782 6355 2127 762 6448
5 541 1142 1108 5138 3064
6 7746 5994 601 872 7069 5504
3 7935 6758 7972
6 5213 7130 2146 3142 440 8490
10 3468 4249 3502 7273 1119 5492 3434 5470 3642 3533
5 4633 9891 2725 5718 1952
10 6327 9897 8820 2649 3796 3747 6535 2182 3488 6124
7 3072 6990 4824 9533 8558 8199 3971
9 4787 1561 9950 5284 3306 785 8393 9454 3630
8 6694 8290 8971 6947 6183 4812 5144 4095
5 8813 2852 1165 3784 3824
4 6519 5725 5479 7632
5 8288 4012 2495 1624 3028
2 7362 9860
9 5442 6138 2959 2984 5638 7720 1936 4251 7087
8 823 4594 4150 510 7508 2858 898 2888
4 1827 4680 7413 783
4 6762 3826 6937 3341
8 4467 4858 9444 5767 5561 6289 2258 2851
3 1234 3218 8441
9 1863 330 8672 2257 8469 1086 4418 5118 6993
3 3696 4730 2939
9 1138 9473 6903 582 578 5979 6761 6691 8957
8 3457 1710 8640 105 2933 6581 5196 8000
3 683 7081 4469
5 2299 5281 7260 8858 3857
6 1222 7265 2850 9435 9607 4325
7 7176 8741 6267 2876 1959 5836 5735
6 6133 4072 8828 2201 298 5311
6 3437 236 5544 5773 4333 9736
9 9078 3494 6617 6932 6720 6432 4600 5072 4220
6 9029 613 3558 5024 3415 6342
4 1853 1444 9994 5501
4 7139 1606 605 5778
9 2654 209 7152 3829 521 3662 7462 1643 432
10 1232 8101 5764 2831 8993 9385 356 5762 7239 6477
8 6858 1612 5050 2619 3809 2666 5348 5884
7 1733 720 6094 3439 71 6005 4729
7 7691 9524 2825 2532 3820 4864 8006
5 1780 4290 3389 4820 1559
9 2642 9105 155 7887 9338 1704 3978 3035 729
5 7298 7443 2929 3128 5974
6 5619 9130 7425 4231 6958 4701
6 5999 6027 2765 8294 4793 5697
8 494 7933 3339 2205 4173 6600 7345 7937
5 6892 1916 3431 1622 4972
7 6069 5165 8822 2595 1809 5845 8279
6 7741 3560 426 49 4757 8345
5 1750 5030 644 3507 2169
8 7709 475 6143 4773 2667 5079 3887 757
6 1595 3233 5919 262 3929 9203
3 9154 1536 2961
2 8402 5790
6 4163 152 8991 7661 6744 7611
3 5934 7342 3207
8 2110 5818 9158 8964 2594 8880 9703 973
5 5495 8425 8300 9376 7335
3 4096 5562 5020
10 1605 5377 4758 559 9795 7941 1399 2895 9189 5325
5 9199 3776 2951 1573 2441
8 8449 290 9998 2768 7736 8280 9494 7257
4 7680 7519 4522 7358
6 6262 288 4920 1187 9146 3458
5 468 4548 5597 8048 20
6 5552 3661 1092 684 5580 9172
11 7203 7193 6989 4558 3319 2000 9995 1739 6351 4019 4803
2 8295 9304
6 3960 4073 2690 2593 9250 5854
5 9422 1075 270 431 3903
7 9574 1771 8733 1819 748 8726 954
7 7020 7630 1535 2763 9949 1007 269
5 3758 3090 9934 3547 4268
4 2119 4744 4588 9396
7 6536 2426 9810 4029 2476 1279 4185
5 7019 1979 7844 6499 6994
6 5360 5573 3166 804 7888 7953
12 4935 5622 9681 6893 3534 1201 7195 5107 6386 9639 7721 8480
6 3283 6612 9957 4454 324 888
9 8871 2368 7546 6204 8233 9742 5898 1289 2530
6 2462 8180 8242 7136 8959 5175
3 3624 1666 3478
3 7602 8071 6365
3 8326 7510 3617
6 2477 2915 7233 4079 8939 562
5 8439 4960 6264 9519 7673
7 4485 4347 8950 9530 3297 1354 532
7 1233 7994 6910 9867 2715 6320 8120
6 6703 8739 8821 8468 7617 2289
5 3695 7050 2823 5618 9123
5 7456 9341 6775 7506 7881
7 7648 6925 2882 4503 4886 3656 2130
7 4307 3790 4932 4862 3506 9787 6191
6 1628 1688 3491 5812 9279 5390
6 4225 942 3314 1563 6769 4578
6 4264 9457 6444 4471 7596 1254
8 412 4256 7797 8316 9148 5447 287 2664
3 6863 9732 8022
10 9263 3974 9789 3856 3794 7244 2555 5068 2493 5652
5 7430 2711 4602 499 795
4 2295 2747 9760 3097
14 7792 9052 2661 1725 9613 7663 8450 5952 8366 5019 1720 5456 4284 6685
14 394 1550 5954 1620 7830 2501 2323 7802 1686 7280 3318 1089 3559 9536
5 2025 709 1004 2099 7138
7 6000 457 7028 2154 2710 3868 4124
5 9683 8916 7688 8809 9532
10 5260 22 492 5383 838 9892 6447 7718 3690 5848
6 3546 9381 6274 7262 1807 3719
4 1608 4413 3422 2196
5 1351 7127 9007 349 818
11 7103 3117 4575 9688 8857 1540 7833 9056 8089 5714 9918
6 6953 7592 5506 9856 8056 7093
6 1037 3536 7096 7349 8322 3043
4 7452 6539 1333 2821
5 2324 1880 8220 7983 4987
10 4957 9928 9246 2213 5482 4016 418 460 5873 2836
9 8725 9658 878 3243 2427 4174 3934 7035 5273
1 1546
5 2041 7988 4996 3730 6087
6 9150 6475 6680 9058 778 3514
4 9015 5747 8031 1001
4 7114 2718 2502 4865
4 7143 7446 9251 7223
12 6313 7078 2406 9298 547 50 3438 7743 4165 9973 7079 4750
3 2703 7241 7242
12 9138 4981 4326 5042 2771 6802 8317 4235 6687 4563 9467 7
3 9371 6112 3612
6 374 3779 198 2481 8931 3969
6 3360 5164 8065 5785 1788 7404
6 7194 9987 4698 2490 6731 3589
9 7137 5310 875 1960 4632 6443 322 7831 8838
7 1493 1117 905 8047 7593 9878 6152
4 5667 8206 1230 1454
8 1794 8878 9633 9321 399 6375 9111 3827
3 99 5247 9782
6 6471 4527 6391 207 1570 1909
5 5517 7075 6661 7051 4181
6 1132 657 5067 926 9898 4445
8 9299 9441 2407 7738 4671 5257 9771 336
1 1018
6 8747 6884 9346 163 980 302
5 5006 3917 9337 3937 1522
7 4513 1420 5986 3102 3954 4324 3791
8 338 9975 2229 2557 3497 4261 6505 1261
4 8763 9941 6369 5742
6 1396 2198 442 5724 5949 1931
6 9883 8387 4530 5587 6300 6193
6 3670 2155 6092 5683 4281 5407
5 6372 8723 8230 6285 5647
7 8075 5583 865 6422 1357 4329 4399
7 8239 9270 7534 6270 281 7754 8350
2 5130 6482
9 1515 830 2657 3655 2907 7334 7969 6238 2358
6 4502 7255 156 5307 4043 5071
4 5660 6333 3215 4909
8 7727 5824 3867 8245 1816 985 5342 9669
10 895 3305 1531 5343 2923 2191 4922 6520 556 7985
5 5589 3635 752 8249 7733
4 8635 3277 1905 5961
3 6653 995 2627
6 3865 6413 5306 1695 6627 2310
5 7782 4956 8083 401 5629
8 35 4718 7626 8161 8399 9758 5973 2509
4 512 5520 1144 131
5 9924 4210 8142 6817 3026
11 4836 957 2972 2359 699 4137 8839 7338 9248 1694 1682
7 2732 4635 2885 2126 6898 9548 1114
5 634 7981 8472 4768 3619
2 8929 8648
6 3508 7930 5365 7057 7151 8275
5 4919 3083 3474 7212 5720
4 4674 8679 2113 5127
9 2107 5313 1692 2505 1409 5350 4697 1868 913
6 3568 9348 5098 2473 4192 7649
9 2596 1767 9687 3570 931 1549 1661 6070 7826
6 487 319 9521 2028 304 26
3 9009 9951 7760
4 2092 3330 8592 939
2 8253 2508
6 4008 3821 1413 9812 9961 9294
8 2950 4565 1342 5326 7068 9648 8374 5046
11 1609 3429 1203 9896 3707 4086 3037 2503 8985 3046 5571
6 1534 4590 4810 3911 1703 7133
6 8536 8544 4423 2413 7094 170
6 8241 8685 4272 6335 6330 2880
6 7428 1365 364 1375 3427 5275
5 7588 6363 7698 9050 5293
6 5309 2380 2162 6828 73 160
4 5691 2349 1618 6226
4 4581 9756 488 5414
5 261 9748 1481 1127 5108
2 2486 6348
5 8042 9213 2085 9647 8106
5 1109 6708 2780 3648 2591
10 6786 3311 2444 9292 4802 800 9572 2549 9124 9601
4 627 6403 9026 7527
13 5158 7398 7687 8505 694 5708 1450 6763 1458 9098 5871 6140 1653
5 7048 5139 7781 427 4662
9 9042 6484 3135 670 126 4335 5374 7200 7836
7 7674 7003 9849 9206 8488 2286 1705
3 7062 3774 6221
5 7775 7288 3134 6461 4649
5 4055 1839 2716 4564 3892
5 2168 2003 8777 811 5536
6 1440 7658 2161 7540 8265 2658
7 9880 8115 2542 6951 8999 8677 7667
9 5411 9237 3038 8459 4371 4152 6621 2097 7052
4 2303 9835 9599 5665
3 7850 6644 5960
5 2305 5799 4815 5975 5883
6 7925 3979 9989 2478 3091 1134
9 881 8062 3211 9102 5564 4461 9535 2624 7315
7 2234 8534 738 1754 7989 6935 566
8 3970 8193 7197 4947 4077 5531 1726 3042
5 1854 9021 1940 2902 8131
7 9183 2242 4625 9413 2344 538 5676
5 118 6245 6408 5637 2329
5 8760 8656 5985 5865 7496
8 7594 3044 8362 369 80 1927 7577 8069
4 9933 3118 8381 4013
7 225 4352 6347 681 3272 8619 9432
11 8784 5516 6485 9619 278 8539 4317 4809 6534 8012 9296
2 8713 4887
9 8533 6580 7433 7086 4263 9440 78 6568 1929
10 873 1416 1383 5303 6506 6899 4753 8183 4506 6019
3 1706 2007 7008
7 867 8994 6915 7932 6500 9438 4752
5 3921 5021 6995 5136 6099
6 139 8746 7330 5344 3727 1659
8 9082 9283 5579 5842 850 6490 756 3985
9 7429 4063 8188 575 9118 1781 1769 6869 807
6 1985 2556 6380 1821 944 5657
10 6634 4062 4196 5502 5080 2454 191 2210 9580 9168
7 6125 7372 2580 137 9986 7767 465
10 166 9685 6119 1430 4217 4123 5556 7672 13 9326
4 9585 4908 2628 8818
6 741 9549 102 8021 7684 2730
11 8840 3778 934 6243 1067 1939 9490 8010 4722 7906 6917
9 8892 5601 6633 1024 3910 3765 9630 7651 6911
10 6767 3512 6982 4291 5220 1022 1770 7856 1719 6212
7 6785 4964 1656 1411 7944 1935 1020
7 4299 7757 7940 1901 885 5202 1322
3 8996 446 3741
2 8864 8078
3 8343 6801 5543
5 6171 1768 698 94 8850
7 7156 2056 5032 943 3576 7189 4239
2 519 7061
7 2355 3682 2701 9907 6417 7758 3644
7 2256 7747 1238 7376 8201 667 5435
5 721 2693 9811 9560 8582
3 8893 9307 7058
2 2677 7228
1 9803
6 1679 51 3503 6632 4778 6890
7 7323 6921 6249 2070 1213 2252 9472
7 6641 5380 134 4925 6397 5254 255
1 7766
4 5337 5937 9013 9573
3 2206 6501 1956
5 5498 4131 7214 5002 8532
3 767 7490 8618
3 1002 1785 0
4 8792 7784 2326 2563
4 8102 5478 6972 2773
5 2034 8949 129 2408 1851
3 6488 8596 3480
4 8832 7613 9932 9032
7 9506 5419 1858 2347 8082 6676 4424
7 3150 7777 8283 4470 9239 3298 2487
10 435 4105 8938 3075 6251 1975 5609 2149 3899 6453
7 3016 8729 6880 3810 5595 750 5010
7 9564 7872 3720 8997 2373 4568 8319
8 9018 3487 4382 604 7378 6774 242 5631
6 8600 4380 6209 664 8226 393
6 6682 8605 420 1802 5011 7039
5 5608 3008 819 2474 7485
6 8766 4645 5639 5763 8064 7783
7 2934 7659 2263 8465 1926 5236 1327
14 328 7329 1218 7501 8705 9972 1072 6655 2109 5664 4949 6675 7723 3448
3 3216 5732 9360
5 1787 8788 1226 1751 5485
5 9261 5421 395 3926 7393
4 3292 984 3184 8606
10 6607 4184 5899 1159 940 1673 4026 6302 8333 6613
8 9767 4954 2317 4946 8500 4474 3099 631
7 9139 874 7583 4694 2150 8845 6603
7 6901 7206 4638 4549 1182 1061 7813
3 7422 7383 5029
9 8520 2680 1499 3999 2575 3582 3001 8860 3084
6 951 6562 7854 8946 6717 4363
7 2043 5168 6792 4151 9873 1044 6354
7 1806 4330 567 1506 4749 2011 3214
13 3368 3807 7066 9469 3436 5043 4591 4007 5908 7652 1253 1216 9668
5 2719 8307 21 2630 89
7 7911 1803 1276 4639 8793 5563 7437
4 5349 8961 4402 3367
4 5882 2160 929 9635
6 617 2754 1421 1623 770 2148
5 2513 3638 648 5033 1418
6 6629 6114 7518 5100 6637 5233
6 2274 4487 8895 205 1036 1439
10 5017 6141 814 2874 8904 6705 2282 4114 416 7814
6 6678 4221 5670 9575 4559 9461
3 8205 8397 2185
6 4406 9471 6303 2879 4193 869
3 9713 6834 6118
3 844 8251 5953
8 115 1521 7543 7179 9578 1341 5659 7705
3 8902 9649 8700
4 1637 7325 4476 4392
7 553 9541 3009 2037 4763 8126 5753
6 403 85 2412 7483 5772 7436
5 9807 5532 5104 3844 7986
11 187 3068 6480 3469 355 3261 2042 5319 7863 5926 327
3 4385 1730 5931
10 1369 7457 864 561 5627 5558 8515 8528 8349 763
9 6446 3938 6537 5907 1831 3672 7084 4553 4145
11 5668 718 8856 5287 1324 1062 636 862 6470 1526 7011
6 1110 2020 2791 7926 7106 8888
6 3493 7379 764 3923 749 9739
3 486 9451 3836
7 7913 4914 3138 7010 2525 1594 5203
6 6155 6298 4403 3162 8654 4631
4 2634 3140 2251 5266
8 380 1049 3206 6555 2336 5661 8714 8424
12 6836 1626 3047 6305 1414 8198 5243 4859 5542 7821 8392 7371
3 8034 9824 8215
9 5358 1635 3168 5088 3990 2887 4304 3165 7641
5 8671 6038 9322 9943 6479
7 768 8557 585 4411 9750 5877 8151
6 5727 4227 8353 8259 8016 7460
9 3605 6402 1386 4121 2977 9900 9095 3301 8556
5 3373 9072 8657 1953 6559
4 5794 6543 7722 3337
6 3266 8748 8778 9028 5316 6127
5 4387 8903 1393 9067 2795
4 2315 4599 6 2824
5 8886 2500 40 8552 3688
5 6031 4052 3407 3115 1805
2 3984 7731
5 3224 5294 9786 8163 5599
7 9562 1610 1482 1259 6323 3652 6104
4 4677 2379 988 9259
7 4624 6206 5211 7832 5469 5320 9726
7 6393 4419 4898 7992 6187 5493 4592
4 2399 2777 5272 464
2 8167 6753
10 6048 7915 2539 1474 3650 6315 1582 3387 9507 9616
3 5366 6173 9359
4 2089 3600 7853 5436
8 3149 8998 3472 7308 736 3033 6878 9674
10 5654 6361 5847 1388 4106 1463 7497 5290 3039 7828
1 3861
10 3170 3036 4088 7764 8007 2309 8344 2615 3742 9099
9 4826 524 5140 744 576 7740 9177 630 8541
7 4921 6235 3145 2854 5171 1306 9196
3 8020 4646 4023
3 8674 966 7044
5 7927 594 5141 579 7751
6 1461 4830 1457 8658 2862 4813
7 6491 8848 3959 2875 4595 8722 3013
5 9266 7991 3792 1247 3884
7 1640 2004 8702 4061 54 8569 3107
9 4130 5106 7271 8270 9555 7160 8567 7001 421
6 5565 162 4845 4498 5505 2822
4 1189 3122 8411 1614
7 15 3232 1922 6521 8461 148 5459
5 6231 1081 813 5152 5666
9 5445 2217 3476 5340 1597 8564 3808 9967 6060
6 2900 9410 9211 7023 5117 3825
6 8504 6319 5679 5813 2878 3359
13 9347 9503 6356 9353 7891 9455 2604 7074 9656 6423 9217 8321 5415
6 2415 477 7730 10 3323 3528
8 3754 7867 4370 6301 9331 360 8013 3413
6 1121 2916 1026 2342 8565 4955
2 8699 9117
4 4679 4122 9708 3120
5 1554 4438 4301 5817 6154
7 9634 2945 9194 5840 9895 4994 6294
7 61 8063 3191 8384 3504 8762 171
9 4775 4204 8659 5176 3421 6049 5633 2894 2188
3 3732 4412 9614
7 168 9191 7461 6344 7790 4148 4338
5 8181 3996 2063 6229 4042
7 6309 3171 4191 7966 3733 5859 9308
3 7170 9516 5776
5 7065 3704 3217 7835 7182
6 5777 183 3525 5296 5499 2492
5 4331 6225 4573 4695 5370
