5 6502 455 3154 8981 4659
4 6086 2088 5633 4184
8 9942 1907 4570 361 7057 1765 1705 5543
3 727 3789 5507
6 32 4742 8676 5364 6921 2480
5 4441 4899 4709 9608 4135
6 310 9649 8169 5391 105 3634
9 5383 3192 2102 1202 8852 5225 2987 8582 9404
5 2492 458 8451 4721 6576
6 4040 9876 6122 251 8895 7805
7 4799 8996 6110 1075 1324 4210 3059
2 7512 9212
4 4403 4326 3438 7294
11 8386 551 6234 8040 4565 4276 3852 1232 5386 2953 8180
9 9111 3548 6705 7622 7813 1169 6875 1543 4014
5 9674 8082 7027 7433 2634
6 2319 3928 6064 1874 5864 5635
6 1053 4424 9693 4056 3066 6898
4 3492 9124 4695 4871
7 1133 6525 5165 9541 4531 2523 1397
4 2488 8922 1115 2217
6 8403 4198 1569 3800 5728 5392
9 4137 3981 5540 5722 7017 6108 8065 7518 7174
5 4483 1950 1225 2751 1875
9 2442 9009 9603 4362 8818 2376 4407 5729 4418
10 606 7778 6494 5463 5697 8430 9201 4138 3938 1367
7 5428 2546 369 2250 9476 2054 4708
12 4180 1783 9386 269 7933 6848 640 4584 2627 9953 6305 2594
3 4020 3979 4256
7 4365 4399 5922 6116 3948 6798 8629
4 7670 3768 3859 321
6 8091 3688 6774 7156 7930 4539
7 791 2128 6555 4061 192 6397 7123
3 4133 4569 4890
6 1216 2596 2047 1428 616 6017
5 9664 2473 6789 1384 8187
5 9160 9611 2602 2008 2516
7 2826 7366 6894 9633 6041 2257 3767
5 2428 1892 776 4600 5007
3 9305 8951 3008
8 434 4622 1334 6548 2575 6431 6916 578
5 308 7779 3676 5937 1313
9 4756 834 7373 8580 8301 5735 9342 3729 1928
8 163 4706 1903 5979 4022 7714 1529 5204
5 4355 1845 9331 2978 5666
5 3812 1328 8179 6832 6663
5 8335 5264 6608 240 8918
6 1391 324 2466 4911 4968 2436
4 794 2691 3214 7747
10 7195 8461 8379 4209 4121 441 1957 6901 235 2994
7 3440 2954 2424 3566 3861 9205 3769
6 1002 2361 2621 5099 9099 6823
4 6679 9536 5243 6405
7 323 7977 5437 2784 4666 8533 2031
6 7035 814 4367 809 3328 3810
6 5900 8278 262 1266 7713 1079
10 6544 4918 8926 8732 7994 3788 8795 3988 8484 1773
7 522 729 4992 7363 6408 6251 6029
7 3937 620 1948 214 3301 801 1653
4 4888 7834 6203 1508
10 4472 7875 9923 2193 3287 6594 4207 6863 2115 819
10 927 392 1431 778 1126 4727 56 2292 5931 5698
3 5605 5337 655
7 3134 8801 3880 1476 1729 3498 3555
12 1434 7175 4777 4550 4456 8155 1584 2246 3261 8491 2248 9071
4 1438 7398 7687 3404
6 758 6469 657 6691 8703 2254
6 4072 7673 5888 3369 1877 6969
7 5699 8171 5858 5380 8219 1967 5002
10 6590 1920 8990 2645 9465 6314 4558 7204 7987 7722
7 5150 7762 6394 2588 3706 7666 8548
4 2229 4411 1393 9971
2 7972 4644
5 2003 96 4157 5950 5211
5 6183 8498 5239 348 9296
4 9491 246 8069 4707
7 2173 9998 179 8905 5459 205 2681
7 6897 8599 5203 6592 7856 5780 7970
10 9314 2100 5192 7663 1918 1722 2159 5676 344 4422
7 2756 7071 1156 9480 6254 5491 6133
7 7815 123 9920 4859 6467 7791 7938
11 9356 3543 1406 1145 6063 2753 7469 8449 2104 517 3226
7 1294 1701 4148 3983 9294 1446 3901
3 2966 708 3708
8 290 4281 7692 6743 3271 802 8024 4895
6 7157 5804 2581 3409 6012 7841
9 4739 5525 4736 112 803 6527 478 4086 6737
6 6412 4444 5202 9429 1814 6413
11 6572 8094 2290 72 829 5267 5753 4039 9069 7463 9481
3 4609 3710 7319
7 2570 1087 631 401 5582 5870 4978
5 4356 4187 3270 932 9600
6 1049 3692 2251 2383 6028 7435
5 7372 4686 2749 4384 4963
2 808 1954
4 9271 8802 7478 7362
3 6696 6761 6091
10 949 7660 305 2967 3470 9299 9521 3749 3457 2915
4 9364 1361 6076 85
3 6682 427 6784
5 6930 5047 759 4682 5569
5 1267 5352 6617 1528 7187
4 4388 1606 8672 694
8 499 5282 2887 30 2231 8534 8416 8374
3 4448 7975 6149
2 6702 224
3 3776 6260 869
5 3819 3750 1815 6303 4063
12 8293 2391 5072 6706 5546 9047 5567 8135 7732 9680 8953 3808
10 8562 1321 5132 9421 9935 2130 4525 3960 1346 5050
4 5993 2190 9082 5042
5 3830 765 7048 843 6639
17 8813 527 7696 5306 1401 3657 7013 5746 8999 4118 8023 5640 6984 9468 6327 9613 8819
5 7879 2072 3527 3070 3101
12 8627 1980 4500 1052 1146 7750 2333 7754 8160 9905 2065 3143
3 8480 7786 4678
5 1977 6476 2932 8104 5473
4 7953 6828 4197 9837
10 3455 6708 715 8420 4763 8098 650 3111 617 8465
5 9840 3591 7391 7339 9895
7 1802 8142 5899 7293 4108 2105 1237
8 8591 6239 4155 2491 9353 2926 731 7911
3 7646 5215 4940
11 472 9800 8787 6807 6628 9852 3327 6775 8419 2618 7260
7 4057 157 5174 976 562 1008 1099
8 1453 9024 9525 8667 4842 326 6307 3021
6 3058 9511 3012 3475 4242 5054
4 2563 7942 1997 2016
4 3343 661 6506 2456
4 6791 5011 7261 1363
14 2313 1074 3313 1636 8288 2821 3371 4837 342 3736 1356 7616 5809 496
7 108 1135 6228 1578 1366 3483 5021
10 5691 5268 3939 5040 7585 5778 3497 372 3478 9643
5 154 122 4450 5430 4897
3 5923 4380 5489
7 7217 7083 4711 4894 5025 453 7471
6 9434 8814 2362 3964 155 3305
7 1713 9319 3296 8788 5173 7386 4866
9 7890 6104 7438 19 2118 6937 725 9519 6647
7 9328 1093 5530 5708 5286 9503 5859
9 4919 6302 7669 1381 7 5381 7281 796 4881
11 1407 7133 9518 7780 988 9859 3586 1297 6799 9074 3719
6 2323 6520 9689 4439 8522 5845
6 4564 9449 6081 1629 172 3697
13 4560 2700 5957 8997 7479 2871 1072 5140 8433 8100 516 5032 3062
6 142 7073 5824 4042 3451 4254
9 5175 8907 3222 880 5316 1951 7595 1580 836
5 2607 520 2328 7152 845
6 1339 1107 9335 439 6637 4674
6 4462 5538 2626 8708 1518 7134
8 844 9473 2192 742 2676 4429 6008 4224
5 8435 8520 4664 1576 4339
12 3384 3332 1515 2944 5265 3382 3514 2111 955 2113 9667 9188
5 8972 3638 176 4618 5667
7 9943 4857 7199 5067 247 2544 8715
9 191 5323 134 546 14 3125 4982 4319 2623
7 9793 5415 8817 6297 2421 2360 2814
4 1160 9167 2718 6269
9 9456 5834 7546 3047 9174 4491 5217 3041 2561
4 3277 1968 5576 3381
8 1588 4997 6175 3359 3485 5575 1634 2497
13 3950 9267 6344 1919 2675 8859 1662 7882 7924 613 3754 6346 7272
5 9711 8467 6089 3624 8986
9 7865 99 3674 8901 8473 6281 3990 9903 6404
7 8200 449 4571 4228 6943 1263 5736
11 377 1792 2068 2595 4504 5422 6343 7961 1454 575 2968
14 3417 8325 9808 9833 1166 7588 8115 6282 8796 7184 1684 6270 3993 2367
3 6078 3017 8539
12 7393 2857 8222 603 9119 1173 5037 3805 3935 4920 4007 592
5 7827 6593 1372 8929 4915
4 7375 8994 2962 282
7 6140 2063 9176 1716 9517 6141 4437
9 295 1283 2757 6607 5541 418 717 378 9255
6 1574 3370 3824 9746 5558 5844
8 9980 87 8882 8028 8773 8921 7749 1793
5 7955 4610 1731 3588 9152
11 5278 5501 6115 5817 7276 7962 2872 9232 9098 761 1255
9 7349 1986 3398 7118 5833 2185 6376 6199 3530
2 3969 6207
7 7441 9996 5073 8597 1088 963 9941
10 35 8031 9736 3499 1673 5773 4404 8554 4271 7399
5 5084 4669 500 6127 960
5 318 8333 9807 3737 8236
8 4071 1925 3912 1708 838 2226 5288 7718
2 4928 5789
8 5115 9043 2743 222 599 4606 2073 9916
4 8349 8173 9722 7021
6 1443 7490 6631 5101 2703 3589
5 471 5977 6855 9080 7886
7 2870 8358 4914 2022 6458 7551 6189
3 524 4620 6216
4 9785 7516 9004 8589
4 3725 2285 4561 9138
7 5700 5533 4373 9011 6326 5926 2895
10 2996 6057 2725 6378 7700 8190 6075 5692 2938 2791
3 4864 146 8585
4 6736 5111 464 4461
5 8137 1117 1973 4653 6952
11 910 6895 6758 8847 6802 2131 7507 5145 4877 103 7936
7 1888 5176 4488 7819 50 1728 1199
8 5887 5315 4140 6466 5810 6146 1374 2487
7 7949 5958 7932 2663 9896 5285 8092
6 6674 872 895 9134 6169 6625
5 7016 5378 9266 5849 5029
5 1091 8199 8612 4451 5410
3 9026 2002 1106
2 3841 2291
10 9392 5266 9842 4825 4100 5962 580 6019 3796 9827
8 5045 8345 2390 4294 9283 6462 5443 2565
4 7830 3488 4843 7470
10 789 7268 1223 9609 1616 8578 7615 9034 8058 3952
5 3321 1379 1902 9687 8619
8 465 1829 1376 5043 5172 2461 651 6088
6 7535 3900 2655 9523 1129 5712
3 9020 5521 7066
5 6468 9226 566 9912 6633
3 4939 8515 6680
4 9583 3712 1449 5690
6 6630 6171 7831 1161 9924 7417
7 5731 5139 770 6541 4848 3607 4977
5 5995 8823 2834 1385 3474
5 3978 8428 2787 6002 849
7 7925 1475 2347 6957 6783 4274 1289
7 6566 5125 4833 7954 7252 5276 4789
6 648 2831 5616 4320 8596 4635
4 4766 6267 9030 3472
6 9656 9620 296 9148 882 547
7 5472 6434 7303 5932 7956 3493 9802
5 7506 7254 9063 6503 7424
4 3792 5321 2824 9982
5 207 1757 3940 1762 519
7 9454 8729 1112 1628 7287 9788 8385
10 9466 9344 9453 2324 4836 9070 6247 4342 6852 4345
10 3373 4273 237 5001 1426 5554 1478 3649 4698 6435
2 2866 8696
7 8982 1400 3597 2773 8030 4984 2119
4 4459 8002 1464 4827
8 4200 1239 7346 7497 5359 3959 8164 8307
7 3088 2471 712 1337 4840 5813 2969
3 6388 3274 5877
8 1317 2697 4934 5709 9865 7601 2385 8909
5 858 7197 5657 730 491
3 6241 3994 9869
5 6243 4073 6455 9661 1638
9 8553 2495 6772 1458 8217 3093 3673 8061 8744
6 1929 8355 3473 8692 8531 1540
6 376 1582 9137 6549 6694 451
9 21 3545 9411 2975 1806 7510 9749 9320 2716
12 947 7763 8341 7155 2899 5961 9948 2454 2779 6929 8555 6148
5 7485 1467 7292 7121 1916
7 7334 1469 7310 2580 4013 65 769
2 7034 2296
5 9075 8643 329 5663 6065
5 7093 1654 7897 6052 582
3 6037 4216 6135
6 3963 2695 5295 2792 4541 2783
9 7385 7200 8975 8656 6373 7746 677 5344 2661
8 3356 9983 57 1661 9553 7520 3848 7641
8 1683 7407 639 8759 2108 3617 4427 1185
6 9235 7122 1702 1287 20 8618
3 1537 1159 9573
3 8210 8313 2099
12 4896 5497 5442 412 8378 7725 4112 2632 7311 5515 5110 8640
4 3115 5946 2398 9330
5 878 3723 1664 4608 5851
4 3659 5104 37 5551
8 1004 1963 7238 5727 9171 2694 3135 711
8 5803 777 3276 7874 4337 4346 166 3148
6 3807 2759 7547 6047 4820 1911
4 1477 6013 6532 7756
8 8214 6483 7420 3739 9065 8275 1010 6524
4 3456 1470 3943 1027
11 3236 3636 7990 268 9779 5933 8188 8287 8146 3652 127
4 3450 4105 2478 6121
6 266 5103 1005 1583 3510 4916
9 6944 4880 9839 1797 5563 9479 7092 7665 9358
5 7582 7825 1157 6339 969
4 8398 7226 4220 1533
10 7802 4689 8139 6403 1456 649 6558 8684 9112 1607
8 8415 5331 7578 7710 1901 2275 5092 9579
6 3246 8136 3613 1183 4267 7934
8 5585 1370 6268 6574 9867 5194 2533 950
2 2884 2659
2 6685 9914
10 7412 3028 618 2411 7181 6877 2521 9691 4479 5960
5 6357 1402 4595 3337 5928
9 1909 9185 6072 2462 4103 9262 317 8739 7789
9 9546 5909 5450 8329 5346 3639 6119 4191 9918
10 6025 1144 3759 7088 2576 8129 8614 8203 3998 2907
7 672 4932 5089 9198 3002 5180 9154
8 611 5785 8427 8690 6501 2501 6068 7788
5 1642 5034 4409 699 9555
6 6054 4572 4296 9508 6661 6806
6 9337 4359 8397 3538 7892 2668
9 3616 9122 3077 4016 242 6109 7857 3157 9650
7 3170 71 2200 9796 118 3752 2406
4 3508 9333 4352 7214
6 8071 7562 7119 6932 7517 7348
3 8140 7647 9786
7 7437 7504 1803 8357 4324 9045 6906
6 3494 3078 1084 1006 2861 5280
11 5152 8175 4645 7591 5212 5389 3690 6934 9947 856 852
5 1585 3368 1594 2776 3375
3 7009 4924 8096
6 9135 5884 5614 9567 6667 5517
6 7053 4288 241 5039 3208 8037
8 3556 9760 1309 3672 536 860 7741 2386
4 4336 1509 9572 9018
9 7171 2419 4094 4725 1658 6059 5527 3197 1648
4 7444 6569 7154 8583
6 4321 6070 8021 3699 8648 9161
3 7567 8306 8351
7 9742 8148 5299 1502 3526 3726 3818
5 4159 8767 2816 7465 7608
8 8178 1720 6958 6023 3089 4973 6533 4964
3 959 9398 9431
5 6232 2665 454 4464 5255
10 4374 3191 4295 3646 9040 1623 3068 1748 3578 6301
8 432 1575 3703 3418 4493 4868 2437 5470
5 4489 8168 4738 44 6974
5 6500 4258 4468 6636 9403
6 5041 1523 410 2566 1538 824
10 1799 5480 5730 2326 4240 5622 5672 2070 9199 3082
10 9913 7429 2066 2033 4232 2187 2684 366 2264 6614
6 1047 8930 7266 6067 889 7234
5 4987 535 1018 4412 1946
8 5168 865 6521 4970 7273 6396 543 2556
12 4960 6473 1176 4425 4368 7126 9424 1530 6530 1563 2180 4821
4 9992 86 1353 6511
10 3454 7612 9902 4761 48 5220 5720 6194 9433 4685
5 1577 6286 4203 7814 3138
7 5347 5689 3728 9016 5631 2486 7534
4 839 7283 3626 2371
11 615 4213 1726 4317 2447 9709 100 3559 8567 6762 1678
4 4280 6249 4912 2902
5 7196 4059 1736 2476 75
4 2845 367 8610 7854
9 7579 3584 1303 9792 8509 2657 643 8601 6479
9 9215 7768 1971 805 628 5214 6100 7711 1001
2 5560 7533
6 1572 4482 3564 3023 9377 6587
6 6418 3594 5518 6131 195 6810
5 4826 3309 9578 4381 6480
6 7833 9247 8308 197 5091 1627
4 3052 3252 6420 1473
8 2520 6213 6165 4971 8229 8853 6447 5915
5 3884 1613 6911 5161 8770
5 4272 2658 8537 8359 977
6 3449 4434 1338 6792 8998 5738
11 5467 3333 4776 669 193 3820 812 3244 749 4619 6842
